Analysis & Synthesis report for lab1
Fri Mar 18 00:56:51 2022
Quartus Prime Version 18.1.0 Build 625 09/12/2018 SJ Lite Edition


---------------------
; Table of Contents ;
---------------------
  1. Legal Notice
  2. Analysis & Synthesis Summary
  3. Analysis & Synthesis Settings
  4. Parallel Compilation
  5. Analysis & Synthesis Source Files Read
  6. Analysis & Synthesis Resource Usage Summary
  7. Analysis & Synthesis Resource Utilization by Entity
  8. General Register Statistics
  9. Multiplexer Restructuring Statistics (Restructuring Performed)
 10. Port Connectivity Checks: "Clock_Counter:u3|bcd_counter:Generate_BCD_Counters[7].instances"
 11. Port Connectivity Checks: "Clock_Counter:u3|bcd_counter:Generate_BCD_Counters[0].instances|edge_detect:falling_edge"
 12. Post-Synthesis Netlist Statistics for Top Partition
 13. Elapsed Time Per Partition
 14. Analysis & Synthesis Messages



----------------
; Legal Notice ;
----------------
Copyright (C) 2018  Intel Corporation. All rights reserved.
Your use of Intel Corporation's design tools, logic functions 
and other software and tools, and its AMPP partner logic 
functions, and any output files from any of the foregoing 
(including device programming or simulation files), and any 
associated documentation or information are expressly subject 
to the terms and conditions of the Intel Program License 
Subscription Agreement, the Intel Quartus Prime License Agreement,
the Intel FPGA IP License Agreement, or other applicable license
agreement, including, without limitation, that your use is for
the sole purpose of programming logic devices manufactured by
Intel and sold by Intel or its authorized distributors.  Please
refer to the applicable agreement for further details.



+----------------------------------------------------------------------------------+
; Analysis & Synthesis Summary                                                     ;
+------------------------------------+---------------------------------------------+
; Analysis & Synthesis Status        ; Successful - Fri Mar 18 00:56:51 2022       ;
; Quartus Prime Version              ; 18.1.0 Build 625 09/12/2018 SJ Lite Edition ;
; Revision Name                      ; lab1                                        ;
; Top-level Entity Name              ; lab1                                        ;
; Family                             ; Cyclone IV E                                ;
; Total logic elements               ; 209                                         ;
;     Total combinational functions  ; 168                                         ;
;     Dedicated logic registers      ; 106                                         ;
; Total registers                    ; 106                                         ;
; Total pins                         ; 62                                          ;
; Total virtual pins                 ; 0                                           ;
; Total memory bits                  ; 0                                           ;
; Embedded Multiplier 9-bit elements ; 0                                           ;
; Total PLLs                         ; 0                                           ;
+------------------------------------+---------------------------------------------+


+------------------------------------------------------------------------------------------------------------+
; Analysis & Synthesis Settings                                                                              ;
+------------------------------------------------------------------+--------------------+--------------------+
; Option                                                           ; Setting            ; Default Value      ;
+------------------------------------------------------------------+--------------------+--------------------+
; Device                                                           ; EP4CE115F29C7      ;                    ;
; Top-level entity name                                            ; lab1               ; lab1               ;
; Family name                                                      ; Cyclone IV E       ; Cyclone V          ;
; Use smart compilation                                            ; Off                ; Off                ;
; Enable parallel Assembler and Timing Analyzer during compilation ; On                 ; On                 ;
; Enable compact report table                                      ; Off                ; Off                ;
; Restructure Multiplexers                                         ; Auto               ; Auto               ;
; Create Debugging Nodes for IP Cores                              ; Off                ; Off                ;
; Preserve fewer node names                                        ; On                 ; On                 ;
; Intel FPGA IP Evaluation Mode                                    ; Enable             ; Enable             ;
; Verilog Version                                                  ; Verilog_2001       ; Verilog_2001       ;
; VHDL Version                                                     ; VHDL_1993          ; VHDL_1993          ;
; State Machine Processing                                         ; Auto               ; Auto               ;
; Safe State Machine                                               ; Off                ; Off                ;
; Extract Verilog State Machines                                   ; On                 ; On                 ;
; Extract VHDL State Machines                                      ; On                 ; On                 ;
; Ignore Verilog initial constructs                                ; Off                ; Off                ;
; Iteration limit for constant Verilog loops                       ; 5000               ; 5000               ;
; Iteration limit for non-constant Verilog loops                   ; 250                ; 250                ;
; Add Pass-Through Logic to Inferred RAMs                          ; On                 ; On                 ;
; Infer RAMs from Raw Logic                                        ; On                 ; On                 ;
; Parallel Synthesis                                               ; On                 ; On                 ;
; DSP Block Balancing                                              ; Auto               ; Auto               ;
; NOT Gate Push-Back                                               ; On                 ; On                 ;
; Power-Up Don't Care                                              ; On                 ; On                 ;
; Remove Redundant Logic Cells                                     ; Off                ; Off                ;
; Remove Duplicate Registers                                       ; On                 ; On                 ;
; Ignore CARRY Buffers                                             ; Off                ; Off                ;
; Ignore CASCADE Buffers                                           ; Off                ; Off                ;
; Ignore GLOBAL Buffers                                            ; Off                ; Off                ;
; Ignore ROW GLOBAL Buffers                                        ; Off                ; Off                ;
; Ignore LCELL Buffers                                             ; Off                ; Off                ;
; Ignore SOFT Buffers                                              ; On                 ; On                 ;
; Limit AHDL Integers to 32 Bits                                   ; Off                ; Off                ;
; Optimization Technique                                           ; Balanced           ; Balanced           ;
; Carry Chain Length                                               ; 70                 ; 70                 ;
; Auto Carry Chains                                                ; On                 ; On                 ;
; Auto Open-Drain Pins                                             ; On                 ; On                 ;
; Perform WYSIWYG Primitive Resynthesis                            ; Off                ; Off                ;
; Auto ROM Replacement                                             ; On                 ; On                 ;
; Auto RAM Replacement                                             ; On                 ; On                 ;
; Auto DSP Block Replacement                                       ; On                 ; On                 ;
; Auto Shift Register Replacement                                  ; Auto               ; Auto               ;
; Allow Shift Register Merging across Hierarchies                  ; Auto               ; Auto               ;
; Auto Clock Enable Replacement                                    ; On                 ; On                 ;
; Strict RAM Replacement                                           ; Off                ; Off                ;
; Allow Synchronous Control Signals                                ; On                 ; On                 ;
; Force Use of Synchronous Clear Signals                           ; Off                ; Off                ;
; Auto RAM Block Balancing                                         ; On                 ; On                 ;
; Auto RAM to Logic Cell Conversion                                ; Off                ; Off                ;
; Auto Resource Sharing                                            ; Off                ; Off                ;
; Allow Any RAM Size For Recognition                               ; Off                ; Off                ;
; Allow Any ROM Size For Recognition                               ; Off                ; Off                ;
; Allow Any Shift Register Size For Recognition                    ; Off                ; Off                ;
; Use LogicLock Constraints during Resource Balancing              ; On                 ; On                 ;
; Ignore translate_off and synthesis_off directives                ; Off                ; Off                ;
; Timing-Driven Synthesis                                          ; On                 ; On                 ;
; Report Parameter Settings                                        ; On                 ; On                 ;
; Report Source Assignments                                        ; On                 ; On                 ;
; Report Connectivity Checks                                       ; On                 ; On                 ;
; Ignore Maximum Fan-Out Assignments                               ; Off                ; Off                ;
; Synchronization Register Chain Length                            ; 2                  ; 2                  ;
; Power Optimization During Synthesis                              ; Normal compilation ; Normal compilation ;
; HDL message level                                                ; Level2             ; Level2             ;
; Suppress Register Optimization Related Messages                  ; Off                ; Off                ;
; Number of Removed Registers Reported in Synthesis Report         ; 5000               ; 5000               ;
; Number of Swept Nodes Reported in Synthesis Report               ; 5000               ; 5000               ;
; Number of Inverted Registers Reported in Synthesis Report        ; 100                ; 100                ;
; Clock MUX Protection                                             ; On                 ; On                 ;
; Auto Gated Clock Conversion                                      ; Off                ; Off                ;
; Block Design Naming                                              ; Auto               ; Auto               ;
; SDC constraint protection                                        ; Off                ; Off                ;
; Synthesis Effort                                                 ; Auto               ; Auto               ;
; Shift Register Replacement - Allow Asynchronous Clear Signal     ; On                 ; On                 ;
; Pre-Mapping Resynthesis Optimization                             ; Off                ; Off                ;
; Analysis & Synthesis Message Level                               ; Medium             ; Medium             ;
; Disable Register Merging Across Hierarchies                      ; Auto               ; Auto               ;
; Resource Aware Inference For Block RAM                           ; On                 ; On                 ;
+------------------------------------------------------------------+--------------------+--------------------+


+------------------------------------------+
; Parallel Compilation                     ;
+----------------------------+-------------+
; Processors                 ; Number      ;
+----------------------------+-------------+
; Number detected on machine ; 16          ;
; Maximum allowed            ; 16          ;
;                            ;             ;
; Average used               ; 1.00        ;
; Maximum used               ; 16          ;
;                            ;             ;
; Usage by Processor         ; % Time Used ;
;     Processor 1            ; 100.0%      ;
;     Processors 2-16        ;   0.0%      ;
+----------------------------+-------------+


+----------------------------------------------------------------------------------------------------------------------------------------------------+
; Analysis & Synthesis Source Files Read                                                                                                             ;
+----------------------------------+-----------------+------------------------+------------------------------------------------------------+---------+
; File Name with User-Entered Path ; Used in Netlist ; File Type              ; File Name with Absolute Path                               ; Library ;
+----------------------------------+-----------------+------------------------+------------------------------------------------------------+---------+
; bcd_counter.v                    ; yes             ; User Verilog HDL File  ; D:/Digital_Logic_Design/Pratice/Homework 1/bcd_counter.v   ;         ;
; SEG_HEX.v                        ; yes             ; User Verilog HDL File  ; D:/Digital_Logic_Design/Pratice/Homework 1/SEG_HEX.v       ;         ;
; edge_detect.v                    ; yes             ; User Verilog HDL File  ; D:/Digital_Logic_Design/Pratice/Homework 1/edge_detect.v   ;         ;
; lab1.v                           ; yes             ; User Verilog HDL File  ; D:/Digital_Logic_Design/Pratice/Homework 1/lab1.v          ;         ;
; mod_1sec.v                       ; yes             ; User Verilog HDL File  ; D:/Digital_Logic_Design/Pratice/Homework 1/mod_1sec.v      ;         ;
; Clock_Counter.v                  ; yes             ; User Verilog HDL File  ; D:/Digital_Logic_Design/Pratice/Homework 1/Clock_Counter.v ;         ;
+----------------------------------+-----------------+------------------------+------------------------------------------------------------+---------+


+--------------------------------------------------------------+
; Analysis & Synthesis Resource Usage Summary                  ;
+---------------------------------------------+----------------+
; Resource                                    ; Usage          ;
+---------------------------------------------+----------------+
; Estimated Total logic elements              ; 209            ;
;                                             ;                ;
; Total combinational functions               ; 168            ;
; Logic element usage by number of LUT inputs ;                ;
;     -- 4 input functions                    ; 88             ;
;     -- 3 input functions                    ; 33             ;
;     -- <=2 input functions                  ; 47             ;
;                                             ;                ;
; Logic elements by mode                      ;                ;
;     -- normal mode                          ; 143            ;
;     -- arithmetic mode                      ; 25             ;
;                                             ;                ;
; Total registers                             ; 106            ;
;     -- Dedicated logic registers            ; 106            ;
;     -- I/O registers                        ; 0              ;
;                                             ;                ;
; I/O pins                                    ; 62             ;
;                                             ;                ;
; Embedded Multiplier 9-bit elements          ; 0              ;
;                                             ;                ;
; Maximum fan-out node                        ; CLOCK_50~input ;
; Maximum fan-out                             ; 106            ;
; Total fan-out                               ; 1044           ;
; Average fan-out                             ; 2.62           ;
+---------------------------------------------+----------------+


+-------------------------------------------------------------------------------------------------------------------------------------------------------------------------------------------------------------------------------------------------------------------------------------------------------------------+
; Analysis & Synthesis Resource Utilization by Entity                                                                                                                                                                                                                                                               ;
+--------------------------------------------------------+---------------------+---------------------------+-------------+--------------+---------+-----------+------+--------------+------------------------------------------------------------------------------------------------+---------------+--------------+
; Compilation Hierarchy Node                             ; Combinational ALUTs ; Dedicated Logic Registers ; Memory Bits ; DSP Elements ; DSP 9x9 ; DSP 18x18 ; Pins ; Virtual Pins ; Full Hierarchy Name                                                                            ; Entity Name   ; Library Name ;
+--------------------------------------------------------+---------------------+---------------------------+-------------+--------------+---------+-----------+------+--------------+------------------------------------------------------------------------------------------------+---------------+--------------+
; |lab1                                                  ; 168 (0)             ; 106 (0)                   ; 0           ; 0            ; 0       ; 0         ; 62   ; 0            ; |lab1                                                                                          ; lab1          ; work         ;
;    |Clock_Counter:u3|                                  ; 64 (0)              ; 80 (32)                   ; 0           ; 0            ; 0       ; 0         ; 0    ; 0            ; |lab1|Clock_Counter:u3                                                                         ; Clock_Counter ; work         ;
;       |bcd_counter:Generate_BCD_Counters[0].instances| ; 8 (8)               ; 6 (4)                     ; 0           ; 0            ; 0       ; 0         ; 0    ; 0            ; |lab1|Clock_Counter:u3|bcd_counter:Generate_BCD_Counters[0].instances                          ; bcd_counter   ; work         ;
;          |edge_detect:falling_edge|                    ; 0 (0)               ; 2 (2)                     ; 0           ; 0            ; 0       ; 0         ; 0    ; 0            ; |lab1|Clock_Counter:u3|bcd_counter:Generate_BCD_Counters[0].instances|edge_detect:falling_edge ; edge_detect   ; work         ;
;       |bcd_counter:Generate_BCD_Counters[1].instances| ; 8 (8)               ; 6 (4)                     ; 0           ; 0            ; 0       ; 0         ; 0    ; 0            ; |lab1|Clock_Counter:u3|bcd_counter:Generate_BCD_Counters[1].instances                          ; bcd_counter   ; work         ;
;          |edge_detect:falling_edge|                    ; 0 (0)               ; 2 (2)                     ; 0           ; 0            ; 0       ; 0         ; 0    ; 0            ; |lab1|Clock_Counter:u3|bcd_counter:Generate_BCD_Counters[1].instances|edge_detect:falling_edge ; edge_detect   ; work         ;
;       |bcd_counter:Generate_BCD_Counters[2].instances| ; 8 (8)               ; 6 (4)                     ; 0           ; 0            ; 0       ; 0         ; 0    ; 0            ; |lab1|Clock_Counter:u3|bcd_counter:Generate_BCD_Counters[2].instances                          ; bcd_counter   ; work         ;
;          |edge_detect:falling_edge|                    ; 0 (0)               ; 2 (2)                     ; 0           ; 0            ; 0       ; 0         ; 0    ; 0            ; |lab1|Clock_Counter:u3|bcd_counter:Generate_BCD_Counters[2].instances|edge_detect:falling_edge ; edge_detect   ; work         ;
;       |bcd_counter:Generate_BCD_Counters[3].instances| ; 8 (8)               ; 6 (4)                     ; 0           ; 0            ; 0       ; 0         ; 0    ; 0            ; |lab1|Clock_Counter:u3|bcd_counter:Generate_BCD_Counters[3].instances                          ; bcd_counter   ; work         ;
;          |edge_detect:falling_edge|                    ; 0 (0)               ; 2 (2)                     ; 0           ; 0            ; 0       ; 0         ; 0    ; 0            ; |lab1|Clock_Counter:u3|bcd_counter:Generate_BCD_Counters[3].instances|edge_detect:falling_edge ; edge_detect   ; work         ;
;       |bcd_counter:Generate_BCD_Counters[4].instances| ; 8 (8)               ; 6 (4)                     ; 0           ; 0            ; 0       ; 0         ; 0    ; 0            ; |lab1|Clock_Counter:u3|bcd_counter:Generate_BCD_Counters[4].instances                          ; bcd_counter   ; work         ;
;          |edge_detect:falling_edge|                    ; 0 (0)               ; 2 (2)                     ; 0           ; 0            ; 0       ; 0         ; 0    ; 0            ; |lab1|Clock_Counter:u3|bcd_counter:Generate_BCD_Counters[4].instances|edge_detect:falling_edge ; edge_detect   ; work         ;
;       |bcd_counter:Generate_BCD_Counters[5].instances| ; 8 (8)               ; 6 (4)                     ; 0           ; 0            ; 0       ; 0         ; 0    ; 0            ; |lab1|Clock_Counter:u3|bcd_counter:Generate_BCD_Counters[5].instances                          ; bcd_counter   ; work         ;
;          |edge_detect:falling_edge|                    ; 0 (0)               ; 2 (2)                     ; 0           ; 0            ; 0       ; 0         ; 0    ; 0            ; |lab1|Clock_Counter:u3|bcd_counter:Generate_BCD_Counters[5].instances|edge_detect:falling_edge ; edge_detect   ; work         ;
;       |bcd_counter:Generate_BCD_Counters[6].instances| ; 8 (8)               ; 6 (4)                     ; 0           ; 0            ; 0       ; 0         ; 0    ; 0            ; |lab1|Clock_Counter:u3|bcd_counter:Generate_BCD_Counters[6].instances                          ; bcd_counter   ; work         ;
;          |edge_detect:falling_edge|                    ; 0 (0)               ; 2 (2)                     ; 0           ; 0            ; 0       ; 0         ; 0    ; 0            ; |lab1|Clock_Counter:u3|bcd_counter:Generate_BCD_Counters[6].instances|edge_detect:falling_edge ; edge_detect   ; work         ;
;       |bcd_counter:Generate_BCD_Counters[7].instances| ; 8 (8)               ; 6 (4)                     ; 0           ; 0            ; 0       ; 0         ; 0    ; 0            ; |lab1|Clock_Counter:u3|bcd_counter:Generate_BCD_Counters[7].instances                          ; bcd_counter   ; work         ;
;          |edge_detect:falling_edge|                    ; 0 (0)               ; 2 (2)                     ; 0           ; 0            ; 0       ; 0         ; 0    ; 0            ; |lab1|Clock_Counter:u3|bcd_counter:Generate_BCD_Counters[7].instances|edge_detect:falling_edge ; edge_detect   ; work         ;
;    |SEG_HEX:digit0|                                    ; 7 (7)               ; 0 (0)                     ; 0           ; 0            ; 0       ; 0         ; 0    ; 0            ; |lab1|SEG_HEX:digit0                                                                           ; SEG_HEX       ; work         ;
;    |SEG_HEX:digit1|                                    ; 7 (7)               ; 0 (0)                     ; 0           ; 0            ; 0       ; 0         ; 0    ; 0            ; |lab1|SEG_HEX:digit1                                                                           ; SEG_HEX       ; work         ;
;    |SEG_HEX:digit2|                                    ; 7 (7)               ; 0 (0)                     ; 0           ; 0            ; 0       ; 0         ; 0    ; 0            ; |lab1|SEG_HEX:digit2                                                                           ; SEG_HEX       ; work         ;
;    |SEG_HEX:digit3|                                    ; 7 (7)               ; 0 (0)                     ; 0           ; 0            ; 0       ; 0         ; 0    ; 0            ; |lab1|SEG_HEX:digit3                                                                           ; SEG_HEX       ; work         ;
;    |SEG_HEX:digit4|                                    ; 7 (7)               ; 0 (0)                     ; 0           ; 0            ; 0       ; 0         ; 0    ; 0            ; |lab1|SEG_HEX:digit4                                                                           ; SEG_HEX       ; work         ;
;    |SEG_HEX:digit5|                                    ; 7 (7)               ; 0 (0)                     ; 0           ; 0            ; 0       ; 0         ; 0    ; 0            ; |lab1|SEG_HEX:digit5                                                                           ; SEG_HEX       ; work         ;
;    |SEG_HEX:digit6|                                    ; 7 (7)               ; 0 (0)                     ; 0           ; 0            ; 0       ; 0         ; 0    ; 0            ; |lab1|SEG_HEX:digit6                                                                           ; SEG_HEX       ; work         ;
;    |SEG_HEX:digit7|                                    ; 7 (7)               ; 0 (0)                     ; 0           ; 0            ; 0       ; 0         ; 0    ; 0            ; |lab1|SEG_HEX:digit7                                                                           ; SEG_HEX       ; work         ;
;    |mod_1sec:u1|                                       ; 48 (48)             ; 26 (26)                   ; 0           ; 0            ; 0       ; 0         ; 0    ; 0            ; |lab1|mod_1sec:u1                                                                              ; mod_1sec      ; work         ;
+--------------------------------------------------------+---------------------+---------------------------+-------------+--------------+---------+-----------+------+--------------+------------------------------------------------------------------------------------------------+---------------+--------------+
Note: For table entries with two numbers listed, the numbers in parentheses indicate the number of resources of the given type used by the specific entity alone. The numbers listed outside of parentheses indicate the total resources of the given type used by the specific entity and all of its sub-entities in the hierarchy.


+------------------------------------------------------+
; General Register Statistics                          ;
+----------------------------------------------+-------+
; Statistic                                    ; Value ;
+----------------------------------------------+-------+
; Total registers                              ; 106   ;
; Number of registers using Synchronous Clear  ; 0     ;
; Number of registers using Synchronous Load   ; 0     ;
; Number of registers using Asynchronous Clear ; 106   ;
; Number of registers using Asynchronous Load  ; 0     ;
; Number of registers using Clock Enable       ; 64    ;
; Number of registers using Preset             ; 0     ;
+----------------------------------------------+-------+


+--------------------------------------------------------------------------------------------------------------------------------------------------------------------------------------------+
; Multiplexer Restructuring Statistics (Restructuring Performed)                                                                                                                             ;
+--------------------+-----------+---------------+----------------------+------------------------+------------+------------------------------------------------------------------------------+
; Multiplexer Inputs ; Bus Width ; Baseline Area ; Area if Restructured ; Saving if Restructured ; Registered ; Example Multiplexer Output                                                   ;
+--------------------+-----------+---------------+----------------------+------------------------+------------+------------------------------------------------------------------------------+
; 4:1                ; 4 bits    ; 8 LEs         ; 4 LEs                ; 4 LEs                  ; Yes        ; |lab1|Clock_Counter:u3|bcd_counter:Generate_BCD_Counters[0].instances|now[3] ;
; 4:1                ; 4 bits    ; 8 LEs         ; 4 LEs                ; 4 LEs                  ; Yes        ; |lab1|Clock_Counter:u3|bcd_counter:Generate_BCD_Counters[1].instances|now[3] ;
; 4:1                ; 4 bits    ; 8 LEs         ; 4 LEs                ; 4 LEs                  ; Yes        ; |lab1|Clock_Counter:u3|bcd_counter:Generate_BCD_Counters[2].instances|now[3] ;
; 4:1                ; 4 bits    ; 8 LEs         ; 4 LEs                ; 4 LEs                  ; Yes        ; |lab1|Clock_Counter:u3|bcd_counter:Generate_BCD_Counters[3].instances|now[3] ;
; 4:1                ; 4 bits    ; 8 LEs         ; 4 LEs                ; 4 LEs                  ; Yes        ; |lab1|Clock_Counter:u3|bcd_counter:Generate_BCD_Counters[4].instances|now[3] ;
; 4:1                ; 4 bits    ; 8 LEs         ; 4 LEs                ; 4 LEs                  ; Yes        ; |lab1|Clock_Counter:u3|bcd_counter:Generate_BCD_Counters[5].instances|now[3] ;
; 4:1                ; 4 bits    ; 8 LEs         ; 4 LEs                ; 4 LEs                  ; Yes        ; |lab1|Clock_Counter:u3|bcd_counter:Generate_BCD_Counters[6].instances|now[3] ;
; 4:1                ; 4 bits    ; 8 LEs         ; 4 LEs                ; 4 LEs                  ; Yes        ; |lab1|Clock_Counter:u3|bcd_counter:Generate_BCD_Counters[7].instances|now[3] ;
+--------------------+-----------+---------------+----------------------+------------------------+------------+------------------------------------------------------------------------------+


+-----------------------------------------------------------------------------------------------------------------+
; Port Connectivity Checks: "Clock_Counter:u3|bcd_counter:Generate_BCD_Counters[7].instances"                     ;
+-------+--------+----------+-------------------------------------------------------------------------------------+
; Port  ; Type   ; Severity ; Details                                                                             ;
+-------+--------+----------+-------------------------------------------------------------------------------------+
; carry ; Output ; Info     ; Connected to dangling logic. Logic that only feeds a dangling port will be removed. ;
+-------+--------+----------+-------------------------------------------------------------------------------------+


+----------------------------------------------------------------------------------------------------------------------+
; Port Connectivity Checks: "Clock_Counter:u3|bcd_counter:Generate_BCD_Counters[0].instances|edge_detect:falling_edge" ;
+----------+--------+----------+---------------------------------------------------------------------------------------+
; Port     ; Type   ; Severity ; Details                                                                               ;
+----------+--------+----------+---------------------------------------------------------------------------------------+
; pos_edge ; Output ; Info     ; Explicitly unconnected                                                                ;
+----------+--------+----------+---------------------------------------------------------------------------------------+


+-----------------------------------------------------+
; Post-Synthesis Netlist Statistics for Top Partition ;
+-----------------------+-----------------------------+
; Type                  ; Count                       ;
+-----------------------+-----------------------------+
; boundary_port         ; 62                          ;
; cycloneiii_ff         ; 106                         ;
;     CLR               ; 42                          ;
;     ENA CLR           ; 64                          ;
; cycloneiii_lcell_comb ; 176                         ;
;     arith             ; 25                          ;
;         2 data inputs ; 25                          ;
;     normal            ; 151                         ;
;         1 data inputs ; 9                           ;
;         2 data inputs ; 21                          ;
;         3 data inputs ; 33                          ;
;         4 data inputs ; 88                          ;
;                       ;                             ;
; Max LUT depth         ; 4.50                        ;
; Average LUT depth     ; 2.60                        ;
+-----------------------+-----------------------------+


+-------------------------------+
; Elapsed Time Per Partition    ;
+----------------+--------------+
; Partition Name ; Elapsed Time ;
+----------------+--------------+
; Top            ; 00:00:00     ;
+----------------+--------------+


+-------------------------------+
; Analysis & Synthesis Messages ;
+-------------------------------+
Info: *******************************************************************
Info: Running Quartus Prime Analysis & Synthesis
    Info: Version 18.1.0 Build 625 09/12/2018 SJ Lite Edition
    Info: Processing started: Fri Mar 18 00:56:38 2022
Info: Command: quartus_map --read_settings_files=on --write_settings_files=off lab1 -c lab1
Warning (18236): Number of processors has not been specified which may cause overloading on shared machines.  Set the global assignment NUM_PARALLEL_PROCESSORS in your QSF to an appropriate value for best performance.
Info (20030): Parallel compilation is enabled and will use 16 of the 16 processors detected
Info (12021): Found 1 design units, including 1 entities, in source file bcd_counter.v
    Info (12023): Found entity 1: bcd_counter File: D:/Digital_Logic_Design/Pratice/Homework 1/bcd_counter.v Line: 3
Info (12021): Found 1 design units, including 1 entities, in source file seg_hex.v
    Info (12023): Found entity 1: SEG_HEX File: D:/Digital_Logic_Design/Pratice/Homework 1/SEG_HEX.v Line: 44
Info (12021): Found 1 design units, including 1 entities, in source file lab1_tb.v
    Info (12023): Found entity 1: lab1_tb File: D:/Digital_Logic_Design/Pratice/Homework 1/lab1_tb.v Line: 3
Info (12021): Found 1 design units, including 1 entities, in source file edge_detect.v
    Info (12023): Found entity 1: edge_detect File: D:/Digital_Logic_Design/Pratice/Homework 1/edge_detect.v Line: 2
Info (12021): Found 1 design units, including 1 entities, in source file lab1.v
    Info (12023): Found entity 1: lab1 File: D:/Digital_Logic_Design/Pratice/Homework 1/lab1.v Line: 1
Info (12021): Found 1 design units, including 1 entities, in source file mod_1sec.v
    Info (12023): Found entity 1: mod_1sec File: D:/Digital_Logic_Design/Pratice/Homework 1/mod_1sec.v Line: 1
Info (12021): Found 1 design units, including 1 entities, in source file clock_counter.v
    Info (12023): Found entity 1: Clock_Counter File: D:/Digital_Logic_Design/Pratice/Homework 1/Clock_Counter.v Line: 3
Warning (10236): Verilog HDL Implicit Net warning at lab1.v(18): created implicit net for "oneHz" File: D:/Digital_Logic_Design/Pratice/Homework 1/lab1.v Line: 18
Info (12127): Elaborating entity "lab1" for the top level hierarchy
Info (12128): Elaborating entity "mod_1sec" for hierarchy "mod_1sec:u1" File: D:/Digital_Logic_Design/Pratice/Homework 1/lab1.v Line: 18
Info (12128): Elaborating entity "Clock_Counter" for hierarchy "Clock_Counter:u3" File: D:/Digital_Logic_Design/Pratice/Homework 1/lab1.v Line: 22
Info (12128): Elaborating entity "bcd_counter" for hierarchy "Clock_Counter:u3|bcd_counter:Generate_BCD_Counters[0].instances" File: D:/Digital_Logic_Design/Pratice/Homework 1/Clock_Counter.v Line: 27
Info (12128): Elaborating entity "edge_detect" for hierarchy "Clock_Counter:u3|bcd_counter:Generate_BCD_Counters[0].instances|edge_detect:falling_edge" File: D:/Digital_Logic_Design/Pratice/Homework 1/bcd_counter.v Line: 14
Info (12128): Elaborating entity "SEG_HEX" for hierarchy "SEG_HEX:digit0" File: D:/Digital_Logic_Design/Pratice/Homework 1/lab1.v Line: 24
Info (286030): Timing-Driven Synthesis is running
Info (16010): Generating hard_block partition "hard_block:auto_generated_inst"
    Info (16011): Adding 0 node(s), including 0 DDIO, 0 PLL, 0 transceiver and 0 LCELL
Warning (21074): Design contains 3 input pin(s) that do not drive logic
    Warning (15610): No output dependent on input pin "KEY[1]" File: D:/Digital_Logic_Design/Pratice/Homework 1/lab1.v Line: 3
    Warning (15610): No output dependent on input pin "KEY[2]" File: D:/Digital_Logic_Design/Pratice/Homework 1/lab1.v Line: 3
    Warning (15610): No output dependent on input pin "KEY[3]" File: D:/Digital_Logic_Design/Pratice/Homework 1/lab1.v Line: 3
Info (21057): Implemented 278 device resources after synthesis - the final resource count might be different
    Info (21058): Implemented 6 input pins
    Info (21059): Implemented 56 output pins
    Info (21061): Implemented 216 logic cells
Info: Quartus Prime Analysis & Synthesis was successful. 0 errors, 6 warnings
    Info: Peak virtual memory: 4844 megabytes
    Info: Processing ended: Fri Mar 18 00:56:51 2022
    Info: Elapsed time: 00:00:13
    Info: Total CPU time (on all processors): 00:00:29


